<?xml version="1.0" encoding="UTF-8" ?>
<testsuites>
  <testsuite errors="1" failures="0" hostname="flibbity-floo.local" id="0" name="StoredProcedureTests" package="org.playball.test.integration" tests="1" time="0.58" timestamp="2010-03-25T10:32:23">
      <properties />

      <testcase classname="org.playball.test.integration.StoredProcedureTests" name="testSumBookSalesByBookIdWithJdbcTemplate" time="0.564">
          <error message="StatementCallback; bad SQL grammar [select salesByBookId(80)]; nested exception is java.sql.SQLException: Unexpected token: SALESBYBOOKID in statement [select salesByBookId(]" type="org.springframework.jdbc.BadSqlGrammarException">org.springframework.jdbc.BadSqlGrammarException: StatementCallback; bad SQL grammar [select salesByBookId(80)]; nested exception is java.sql.SQLException: Unexpected token: SALESBYBOOKID in statement [select salesByBookId(]
	at org.playball.service.StoredProcedureRunnerService.sumBookSalesByBookIdWithJdbcTemplate(StoredProcedureRunnerService.groovy:18)
	at org.playball.service.StoredProcedureRunnerService$$FastClassByCGLIB$$bdd12ddf.invoke(&lt;generated&gt;)
	at net.sf.cglib.proxy.MethodProxy.invoke(MethodProxy.java:149)
	at org.playball.service.StoredProcedureRunnerService$$EnhancerByCGLIB$$983b00a2.sumBookSalesByBookIdWithJdbcTemplate(&lt;generated&gt;)
	at org.playball.service.StoredProcedureRunnerService$sumBookSalesByBookIdWithJdbcTemplate.call(Unknown Source)
	at org.playball.test.integration.StoredProcedureTests.testSumBookSalesByBookIdWithJdbcTemplate(StoredProcedureTests.groovy:18)
Caused by: java.sql.SQLException: Unexpected token: SALESBYBOOKID in statement [select salesByBookId(]
	at org.hsqldb.jdbc.Util.sqlException(Unknown Source)
	at org.hsqldb.jdbc.jdbcStatement.fetchResult(Unknown Source)
	at org.hsqldb.jdbc.jdbcStatement.executeQuery(Unknown Source)
	at org.apache.commons.dbcp.DelegatingStatement.executeQuery(DelegatingStatement.java:208)
	at org.playball.service.StoredProcedureRunnerService.sumBookSalesByBookIdWithJdbcTemplate(StoredProcedureRunnerService.groovy:18)
	at org.playball.service.StoredProcedureRunnerService$$FastClassByCGLIB$$bdd12ddf.invoke(&lt;generated&gt;)
	at net.sf.cglib.proxy.MethodProxy.invoke(MethodProxy.java:149)
	at org.playball.service.StoredProcedureRunnerService$$EnhancerByCGLIB$$983b00a2.sumBookSalesByBookIdWithJdbcTemplate(&lt;generated&gt;)
	at org.playball.service.StoredProcedureRunnerService$sumBookSalesByBookIdWithJdbcTemplate.call(Unknown Source)
	at org.playball.test.integration.StoredProcedureTests.testSumBookSalesByBookIdWithJdbcTemplate(StoredProcedureTests.groovy:18)
	at _GrailsTest_groovy$_run_closure4.doCall(_GrailsTest_groovy:262)
	at _GrailsTest_groovy$_run_closure4.call(_GrailsTest_groovy)
	at _GrailsTest_groovy$_run_closure2.doCall(_GrailsTest_groovy:221)
	at _GrailsTest_groovy$_run_closure1_closure21.doCall(_GrailsTest_groovy:181)
	at _GrailsTest_groovy$_run_closure1.doCall(_GrailsTest_groovy:168)
	at TestApp$_run_closure1.doCall(TestApp.groovy:102)
	at gant.Gant$_dispatch_closure5.doCall(Gant.groovy:385)
	at gant.Gant$_dispatch_closure7.doCall(Gant.groovy:419)
	at gant.Gant$_dispatch_closure7.doCall(Gant.groovy)
	at gant.Gant.withBuildListeners(Gant.groovy:431)
	at gant.Gant.this$2$withBuildListeners(Gant.groovy)
	at gant.Gant$this$2$withBuildListeners.callCurrent(Unknown Source)
	at gant.Gant.dispatch(Gant.groovy:419)
	at gant.Gant.this$2$dispatch(Gant.groovy)
	at gant.Gant.invokeMethod(Gant.groovy)
	at gant.Gant.processTargets(Gant.groovy:579)
	at gant.Gant.processTargets(Gant.groovy:564)
</error>

      </testcase>

      <system-out><![CDATA[
##teamcity[testStarted name='testSumBookSalesByBookIdWithJdbcTemplate' captureStandardOutput='false' locationHint='grails://methodName::org.playball.test.integration.StoredProcedureTests.testSumBookSalesByBookIdWithJdbcTemplate']
--Output from testSumBookSalesByBookIdWithJdbcTemplate--

##teamcity[testFailed name='testSumBookSalesByBookIdWithJdbcTemplate' message='StatementCallback; bad SQL grammar [select salesByBookId(80)|]; nested exception is java.sql.SQLException: Unexpected token: SALESBYBOOKID in statement [select salesByBookId(|]' details='org.springframework.jdbc.BadSqlGrammarException: StatementCallback; bad SQL grammar [select salesByBookId(80)|]; nested exception is java.sql.SQLException: Unexpected token: SALESBYBOOKID in statement [select salesByBookId(|]|n	at org.springframework.jdbc.support.SQLStateSQLExceptionTranslator.doTranslate(SQLStateSQLExceptionTranslator.java:98)|n	at org.springframework.jdbc.support.AbstractFallbackSQLExceptionTranslator.translate(AbstractFallbackSQLExceptionTranslator.java:72)|n	at org.springframework.jdbc.support.AbstractFallbackSQLExceptionTranslator.translate(AbstractFallbackSQLExceptionTranslator.java:80)|n	at org.springframework.jdbc.support.AbstractFallbackSQLExceptionTranslator.translate(AbstractFallbackSQLExceptionTranslator.java:80)|n	at org.springframework.jdbc.core.JdbcTemplate.execute(JdbcTemplate.java:406)|n	at org.springframework.jdbc.core.JdbcTemplate.query(JdbcTemplate.java:455)|n	at org.springframework.jdbc.core.JdbcTemplate.query(JdbcTemplate.java:463)|n	at org.springframework.jdbc.core.JdbcTemplate.queryForObject(JdbcTemplate.java:471)|n	at org.springframework.jdbc.core.JdbcTemplate.queryForObject(JdbcTemplate.java:476)|n	at org.springframework.jdbc.core.JdbcTemplate.queryForInt(JdbcTemplate.java:485)|n	at sun.reflect.NativeMethodAccessorImpl.invoke0(Native Method)|n	at sun.reflect.NativeMethodAccessorImpl.invoke(NativeMethodAccessorImpl.java:39)|n	at sun.reflect.DelegatingMethodAccessorImpl.invoke(DelegatingMethodAccessorImpl.java:25)|n	at java.lang.reflect.Method.invoke(Method.java:597)|n	at org.codehaus.groovy.runtime.callsite.PojoMetaMethodSite$PojoCachedMethodSiteNoUnwrap.invoke(PojoMetaMethodSite.java:209)|n	at org.codehaus.groovy.runtime.callsite.PojoMetaMethodSite.call(PojoMetaMethodSite.java:52)|n	at org.codehaus.groovy.runtime.callsite.CallSiteArray.defaultCall(CallSiteArray.java:40)|n	at org.codehaus.groovy.runtime.callsite.AbstractCallSite.call(AbstractCallSite.java:117)|n	at org.codehaus.groovy.runtime.callsite.AbstractCallSite.call(AbstractCallSite.java:125)|n	at org.playball.service.StoredProcedureRunnerService.sumBookSalesByBookIdWithJdbcTemplate(StoredProcedureRunnerService.groovy:18)|n	at org.playball.service.StoredProcedureRunnerService$$FastClassByCGLIB$$bdd12ddf.invoke(<generated>)|n	at net.sf.cglib.proxy.MethodProxy.invoke(MethodProxy.java:149)|n	at org.springframework.aop.framework.Cglib2AopProxy$CglibMethodInvocation.invokeJoinpoint(Cglib2AopProxy.java:692)|n	at org.springframework.aop.framework.ReflectiveMethodInvocation.proceed(ReflectiveMethodInvocation.java:150)|n	at org.springframework.transaction.interceptor.TransactionInterceptor.invoke(TransactionInterceptor.java:107)|n	at org.springframework.aop.framework.ReflectiveMethodInvocation.proceed(ReflectiveMethodInvocation.java:172)|n	at org.springframework.aop.framework.Cglib2AopProxy$DynamicAdvisedInterceptor.intercept(Cglib2AopProxy.java:625)|n	at org.playball.service.StoredProcedureRunnerService$$EnhancerByCGLIB$$983b00a2.sumBookSalesByBookIdWithJdbcTemplate(<generated>)|n	at org.playball.service.StoredProcedureRunnerService$sumBookSalesByBookIdWithJdbcTemplate.call(Unknown Source)|n	at org.codehaus.groovy.runtime.callsite.CallSiteArray.defaultCall(CallSiteArray.java:40)|n	at org.codehaus.groovy.runtime.callsite.AbstractCallSite.call(AbstractCallSite.java:117)|n	at org.codehaus.groovy.runtime.callsite.AbstractCallSite.call(AbstractCallSite.java:125)|n	at org.playball.test.integration.StoredProcedureTests.testSumBookSalesByBookIdWithJdbcTemplate(StoredProcedureTests.groovy:18)|n	at sun.reflect.NativeMethodAccessorImpl.invoke0(Native Method)|n	at sun.reflect.NativeMethodAccessorImpl.invoke(NativeMethodAccessorImpl.java:39)|n	at sun.reflect.DelegatingMethodAccessorImpl.invoke(DelegatingMethodAccessorImpl.java:25)|n	at java.lang.reflect.Method.invoke(Method.java:597)|n	at org.junit.runners.model.FrameworkMethod$1.runReflectiveCall(FrameworkMethod.java:44)|n	at org.junit.internal.runners.model.ReflectiveCallable.run(ReflectiveCallable.java:15)|n	at org.junit.runners.model.FrameworkMethod.invokeExplosively(FrameworkMethod.java:41)|n	at sun.reflect.NativeMethodAccessorImpl.invoke0(Native Method)|n	at sun.reflect.NativeMethodAccessorImpl.invoke(NativeMethodAccessorImpl.java:39)|n	at sun.reflect.DelegatingMethodAccessorImpl.invoke(DelegatingMethodAccessorImpl.java:25)|n	at java.lang.reflect.Method.invoke(Method.java:597)|n	at org.codehaus.groovy.runtime.callsite.PojoMetaMethodSite$PojoCachedMethodSite.invoke(PojoMetaMethodSite.java:188)|n	at org.codehaus.groovy.runtime.callsite.PojoMetaMethodSite.call(PojoMetaMethodSite.java:52)|n	at org.codehaus.groovy.runtime.callsite.CallSiteArray.defaultCall(CallSiteArray.java:40)|n	at org.codehaus.groovy.runtime.callsite.AbstractCallSite.call(AbstractCallSite.java:117)|n	at org.codehaus.groovy.runtime.callsite.AbstractCallSite.call(AbstractCallSite.java:125)|n	at org.codehaus.groovy.grails.test.junit4.runner.GrailsTestInvokeMethod$_evaluate_closure1.doCall(GrailsTestInvokeMethod.groovy:50)|n	at sun.reflect.NativeMethodAccessorImpl.invoke0(Native Method)|n	at sun.reflect.NativeMethodAccessorImpl.invoke(NativeMethodAccessorImpl.java:39)|n	at sun.reflect.DelegatingMethodAccessorImpl.invoke(DelegatingMethodAccessorImpl.java:25)|n	at java.lang.reflect.Method.invoke(Method.java:597)|n	at org.codehaus.groovy.runtime.callsite.PogoMetaMethodSite$PogoCachedMethodSite.invoke(PogoMetaMethodSite.java:225)|n	at org.codehaus.groovy.runtime.callsite.PogoMetaMethodSite.callCurrent(PogoMetaMethodSite.java:51)|n	at org.codehaus.groovy.runtime.callsite.CallSiteArray.defaultCallCurrent(CallSiteArray.java:44)|n	at org.codehaus.groovy.runtime.callsite.AbstractCallSite.callCurrent(AbstractCallSite.java:143)|n	at org.codehaus.groovy.runtime.callsite.AbstractCallSite.callCurrent(AbstractCallSite.java:151)|n	at org.codehaus.groovy.grails.test.junit4.runner.GrailsTestInvokeMethod$_evaluate_closure1.doCall(GrailsTestInvokeMethod.groovy)|n	at sun.reflect.NativeMethodAccessorImpl.invoke0(Native Method)|n	at sun.reflect.NativeMethodAccessorImpl.invoke(NativeMethodAccessorImpl.java:39)|n	at sun.reflect.DelegatingMethodAccessorImpl.invoke(DelegatingMethodAccessorImpl.java:25)|n	at java.lang.reflect.Method.invoke(Method.java:597)|n	at org.codehaus.groovy.reflection.CachedMethod.invoke(CachedMethod.java:88)|n	at groovy.lang.MetaMethod.doMethodInvoke(MetaMethod.java:233)|n	at groovy.lang.MetaClassImpl.invokeMethod(MetaClassImpl.java:1058)|n	at groovy.lang.ExpandoMetaClass.invokeMethod(ExpandoMetaClass.java:915)|n	at groovy.lang.MetaClassImpl.invokeMethod(MetaClassImpl.java:886)|n	at groovy.lang.Closure.call(Closure.java:276)|n	at groovy.lang.Closure.call(Closure.java:271)|n	at groovy.lang.Closure$call$0.call(Unknown Source)|n	at org.codehaus.groovy.runtime.callsite.CallSiteArray.defaultCall(CallSiteArray.java:40)|n	at org.codehaus.groovy.runtime.callsite.AbstractCallSite.call(AbstractCallSite.java:117)|n	at org.codehaus.groovy.runtime.callsite.AbstractCallSite.call(AbstractCallSite.java:121)|n	at org.codehaus.groovy.grails.test.support.GrailsTestTransactionInterceptor.doInTransaction(GrailsTestTransactionInterceptor.groovy:78)|n	at org.codehaus.groovy.grails.test.support.GrailsTestTransactionInterceptor$doInTransaction.call(Unknown Source)|n	at org.codehaus.groovy.runtime.callsite.CallSiteArray.defaultCall(CallSiteArray.java:40)|n	at org.codehaus.groovy.runtime.callsite.AbstractCallSite.call(AbstractCallSite.java:117)|n	at org.codehaus.groovy.runtime.callsite.AbstractCallSite.call(AbstractCallSite.java:125)|n	at org.codehaus.groovy.grails.test.junit4.runner.GrailsTestInvokeMethod$_evaluate_closure2.doCall(GrailsTestInvokeMethod.groovy:54)|n	at sun.reflect.NativeMethodAccessorImpl.invoke0(Native Method)|n	at sun.reflect.NativeMethodAccessorImpl.invoke(NativeMethodAccessorImpl.java:39)|n	at sun.reflect.DelegatingMethodAccessorImpl.invoke(DelegatingMethodAccessorImpl.java:25)|n	at java.lang.reflect.Method.invoke(Method.java:597)|n	at org.codehaus.groovy.runtime.callsite.PogoMetaMethodSite$PogoCachedMethodSite.invoke(PogoMetaMethodSite.java:225)|n	at org.codehaus.groovy.runtime.callsite.PogoMetaMethodSite.callCurrent(PogoMetaMethodSite.java:51)|n	at org.codehaus.groovy.runtime.callsite.CallSiteArray.defaultCallCurrent(CallSiteArray.java:44)|n	at org.codehaus.groovy.runtime.callsite.AbstractCallSite.callCurrent(AbstractCallSite.java:143)|n	at org.codehaus.groovy.runtime.callsite.AbstractCallSite.callCurrent(AbstractCallSite.java:151)|n	at org.codehaus.groovy.grails.test.junit4.runner.GrailsTestInvokeMethod$_evaluate_closure2.doCall(GrailsTestInvokeMethod.groovy)|n	at sun.reflect.NativeMethodAccessorImpl.invoke0(Native Method)|n	at sun.reflect.NativeMethodAccessorImpl.invoke(NativeMethodAccessorImpl.java:39)|n	at sun.reflect.DelegatingMethodAccessorImpl.invoke(DelegatingMethodAccessorImpl.java:25)|n	at java.lang.reflect.Method.invoke(Method.java:597)|n	at org.codehaus.groovy.reflection.CachedMethod.invoke(CachedMethod.java:88)|n	at groovy.lang.MetaMethod.doMethodInvoke(MetaMethod.java:233)|n	at groovy.lang.MetaClassImpl.invokeMethod(MetaClassImpl.java:1058)|n	at groovy.lang.ExpandoMetaClass.invokeMethod(ExpandoMetaClass.java:915)|n	at groovy.lang.MetaClassImpl.invokeMethod(MetaClassImpl.java:886)|n	at groovy.lang.Closure.call(Closure.java:276)|n	at groovy.lang.Closure.call(Closure.java:271)|n	at groovy.lang.Closure$call$0.call(Unknown Source)|n	at org.codehaus.groovy.runtime.callsite.CallSiteArray.defaultCall(CallSiteArray.java:40)|n	at org.codehaus.groovy.runtime.callsite.AbstractCallSite.call(AbstractCallSite.java:117)|n	at org.codehaus.groovy.runtime.callsite.AbstractCallSite.call(AbstractCallSite.java:121)|n	at org.codehaus.groovy.grails.test.support.GrailsTestRequestEnvironmentInterceptor.doInRequestEnvironment(GrailsTestRequestEnvironmentInterceptor.groovy:72)|n	at org.codehaus.groovy.grails.test.support.GrailsTestRequestEnvironmentInterceptor$doInRequestEnvironment$0.callCurrent(Unknown Source)|n	at org.codehaus.groovy.runtime.callsite.CallSiteArray.defaultCallCurrent(CallSiteArray.java:44)|n	at org.codehaus.groovy.runtime.callsite.AbstractCallSite.callCurrent(AbstractCallSite.java:143)|n	at org.codehaus.groovy.runtime.callsite.AbstractCallSite.callCurrent(AbstractCallSite.java:155)|n	at org.codehaus.groovy.grails.test.support.GrailsTestRequestEnvironmentInterceptor.doInRequestEnvironment(GrailsTestRequestEnvironmentInterceptor.groovy:63)|n	at org.codehaus.groovy.grails.test.support.GrailsTestRequestEnvironmentInterceptor$doInRequestEnvironment.call(Unknown Source)|n	at org.codehaus.groovy.runtime.callsite.CallSiteArray.defaultCall(CallSiteArray.java:40)|n	at org.codehaus.groovy.runtime.callsite.AbstractCallSite.call(AbstractCallSite.java:117)|n	at org.codehaus.groovy.runtime.callsite.AbstractCallSite.call(AbstractCallSite.java:125)|n	at org.codehaus.groovy.grails.test.junit4.runner.GrailsTestInvokeMethod$_evaluate_closure4.doCall(GrailsTestInvokeMethod.groovy:65)|n	at sun.reflect.NativeMethodAccessorImpl.invoke0(Native Method)|n	at sun.reflect.NativeMethodAccessorImpl.invoke(NativeMethodAccessorImpl.java:39)|n	at sun.reflect.DelegatingMethodAccessorImpl.invoke(DelegatingMethodAccessorImpl.java:25)|n	at java.lang.reflect.Method.invoke(Method.java:597)|n	at org.codehaus.groovy.runtime.callsite.PogoMetaMethodSite$PogoCachedMethodSite.invoke(PogoMetaMethodSite.java:225)|n	at org.codehaus.groovy.runtime.callsite.PogoMetaMethodSite.callCurrent(PogoMetaMethodSite.java:51)|n	at org.codehaus.groovy.runtime.callsite.CallSiteArray.defaultCallCurrent(CallSiteArray.java:44)|n	at org.codehaus.groovy.runtime.callsite.AbstractCallSite.callCurrent(AbstractCallSite.java:143)|n	at org.codehaus.groovy.runtime.callsite.AbstractCallSite.callCurrent(AbstractCallSite.java:151)|n	at org.codehaus.groovy.grails.test.junit4.runner.GrailsTestInvokeMethod$_evaluate_closure4.doCall(GrailsTestInvokeMethod.groovy)|n	at sun.reflect.NativeMethodAccessorImpl.invoke0(Native Method)|n	at sun.reflect.NativeMethodAccessorImpl.invoke(NativeMethodAccessorImpl.java:39)|n	at sun.reflect.DelegatingMethodAccessorImpl.invoke(DelegatingMethodAccessorImpl.java:25)|n	at java.lang.reflect.Method.invoke(Method.java:597)|n	at org.codehaus.groovy.reflection.CachedMethod.invoke(CachedMethod.java:88)|n	at groovy.lang.MetaMethod.doMethodInvoke(MetaMethod.java:233)|n	at groovy.lang.MetaClassImpl.invokeMethod(MetaClassImpl.java:1058)|n	at groovy.lang.ExpandoMetaClass.invokeMethod(ExpandoMetaClass.java:915)|n	at groovy.lang.MetaClassImpl.invokeMethod(MetaClassImpl.java:886)|n	at groovy.lang.Closure.call(Closure.java:276)|n	at groovy.lang.Closure.call(Closure.java:271)|n	at groovy.lang.Closure$call$0.call(Unknown Source)|n	at org.codehaus.groovy.runtime.callsite.CallSiteArray.defaultCall(CallSiteArray.java:40)|n	at org.codehaus.groovy.runtime.callsite.AbstractCallSite.call(AbstractCallSite.java:117)|n	at org.codehaus.groovy.runtime.callsite.AbstractCallSite.call(AbstractCallSite.java:121)|n	at org.codehaus.groovy.grails.test.junit4.runner.GrailsTestInvokeMethod.evaluate(GrailsTestInvokeMethod.groovy:71)|n	at org.junit.internal.runners.statements.RunBefores.evaluate(RunBefores.java:28)|n	at org.junit.internal.runners.statements.RunAfters.evaluate(RunAfters.java:31)|n	at org.junit.runners.BlockJUnit4ClassRunner.runChild(BlockJUnit4ClassRunner.java:76)|n	at org.junit.runners.BlockJUnit4ClassRunner.runChild(BlockJUnit4ClassRunner.java:50)|n	at org.junit.runners.ParentRunner$3.run(ParentRunner.java:193)|n	at org.junit.runners.ParentRunner$1.schedule(ParentRunner.java:52)|n	at org.junit.runners.ParentRunner.runChildren(ParentRunner.java:191)|n	at org.junit.runners.ParentRunner.access$000(ParentRunner.java:42)|n	at org.junit.runners.ParentRunner$2.evaluate(ParentRunner.java:184)|n	at org.junit.runners.ParentRunner.run(ParentRunner.java:236)|n	at org.junit.runners.Suite.runChild(Suite.java:128)|n	at org.junit.runners.Suite.runChild(Suite.java:24)|n	at org.junit.runners.ParentRunner$3.run(ParentRunner.java:193)|n	at org.junit.runners.ParentRunner$1.schedule(ParentRunner.java:52)|n	at org.junit.runners.ParentRunner.runChildren(ParentRunner.java:191)|n	at org.junit.runners.ParentRunner.access$000(ParentRunner.java:42)|n	at org.junit.runners.ParentRunner$2.evaluate(ParentRunner.java:184)|n	at org.junit.runners.ParentRunner.run(ParentRunner.java:236)|n	at sun.reflect.NativeMethodAccessorImpl.invoke0(Native Method)|n	at sun.reflect.NativeMethodAccessorImpl.invoke(NativeMethodAccessorImpl.java:39)|n	at sun.reflect.DelegatingMethodAccessorImpl.invoke(DelegatingMethodAccessorImpl.java:25)|n	at java.lang.reflect.Method.invoke(Method.java:597)|n	at org.codehaus.groovy.runtime.callsite.PojoMetaMethodSite$PojoCachedMethodSiteNoUnwrapNoCoerce.invoke(PojoMetaMethodSite.java:229)|n	at org.codehaus.groovy.runtime.callsite.PojoMetaMethodSite.call(PojoMetaMethodSite.java:52)|n	at org.codehaus.groovy.runtime.callsite.CallSiteArray.defaultCall(CallSiteArray.java:40)|n	at org.codehaus.groovy.runtime.callsite.AbstractCallSite.call(AbstractCallSite.java:117)|n	at org.codehaus.groovy.runtime.callsite.AbstractCallSite.call(AbstractCallSite.java:125)|n	at org.codehaus.groovy.grails.test.junit4.JUnit4GrailsTestType.doRun(JUnit4GrailsTestType.groovy:110)|n	at sun.reflect.NativeMethodAccessorImpl.invoke0(Native Method)|n	at sun.reflect.NativeMethodAccessorImpl.invoke(NativeMethodAccessorImpl.java:39)|n	at sun.reflect.DelegatingMethodAccessorImpl.invoke(DelegatingMethodAccessorImpl.java:25)|n	at java.lang.reflect.Method.invoke(Method.java:597)|n	at org.codehaus.groovy.runtime.callsite.PogoMetaMethodSite$PogoCachedMethodSiteNoUnwrapNoCoerce.invoke(PogoMetaMethodSite.java:266)|n	at org.codehaus.groovy.runtime.callsite.PogoMetaMethodSite.callCurrent(PogoMetaMethodSite.java:51)|n	at org.codehaus.groovy.runtime.callsite.CallSiteArray.defaultCallCurrent(CallSiteArray.java:44)|n	at org.codehaus.groovy.runtime.callsite.AbstractCallSite.callCurrent(AbstractCallSite.java:143)|n	at org.codehaus.groovy.runtime.callsite.AbstractCallSite.callCurrent(AbstractCallSite.java:151)|n	at org.codehaus.groovy.grails.test.support.GrailsTestTypeSupport.run(GrailsTestTypeSupport.groovy:120)|n	at org.codehaus.groovy.grails.test.GrailsTestType$run.call(Unknown Source)|n	at org.codehaus.groovy.runtime.callsite.CallSiteArray.defaultCall(CallSiteArray.java:40)|n	at org.codehaus.groovy.runtime.callsite.AbstractCallSite.call(AbstractCallSite.java:117)|n	at org.codehaus.groovy.runtime.callsite.AbstractCallSite.call(AbstractCallSite.java:125)|n	at _GrailsTest_groovy$_run_closure4.doCall(_GrailsTest_groovy:262)|n	at sun.reflect.NativeMethodAccessorImpl.invoke0(Native Method)|n	at sun.reflect.NativeMethodAccessorImpl.invoke(NativeMethodAccessorImpl.java:39)|n	at sun.reflect.DelegatingMethodAccessorImpl.invoke(DelegatingMethodAccessorImpl.java:25)|n	at java.lang.reflect.Method.invoke(Method.java:597)|n	at org.codehaus.groovy.runtime.callsite.PogoMetaMethodSite$PogoCachedMethodSiteNoUnwrapNoCoerce.invoke(PogoMetaMethodSite.java:266)|n	at org.codehaus.groovy.runtime.callsite.PogoMetaMethodSite.callCurrent(PogoMetaMethodSite.java:51)|n	at org.codehaus.groovy.runtime.callsite.CallSiteArray.defaultCallCurrent(CallSiteArray.java:44)|n	at org.codehaus.groovy.runtime.callsite.AbstractCallSite.callCurrent(AbstractCallSite.java:143)|n	at org.codehaus.groovy.runtime.callsite.AbstractCallSite.callCurrent(AbstractCallSite.java:155)|n	at _GrailsTest_groovy$_run_closure4.call(_GrailsTest_groovy)|n	at sun.reflect.NativeMethodAccessorImpl.invoke0(Native Method)|n	at sun.reflect.NativeMethodAccessorImpl.invoke(NativeMethodAccessorImpl.java:39)|n	at sun.reflect.DelegatingMethodAccessorImpl.invoke(DelegatingMethodAccessorImpl.java:25)|n	at java.lang.reflect.Method.invoke(Method.java:597)|n	at org.codehaus.groovy.reflection.CachedMethod.invoke(CachedMethod.java:88)|n	at groovy.lang.MetaMethod.doMethodInvoke(MetaMethod.java:233)|n	at groovy.lang.MetaClassImpl.invokeMethod(MetaClassImpl.java:1058)|n	at groovy.lang.ExpandoMetaClass.invokeMethod(ExpandoMetaClass.java:915)|n	at groovy.lang.MetaClassImpl.invokeMethod(MetaClassImpl.java:886)|n	at groovy.lang.MetaClassImpl.invokePropertyOrMissing(MetaClassImpl.java:1104)|n	at groovy.lang.MetaClassImpl.invokeMethod(MetaClassImpl.java:1060)|n	at groovy.lang.ExpandoMetaClass.invokeMethod(ExpandoMetaClass.java:915)|n	at groovy.lang.MetaClassImpl.invokeMethod(MetaClassImpl.java:886)|n	at groovy.lang.MetaClassImpl.invokeMethod(MetaClassImpl.java:706)|n	at groovy.lang.GroovyObjectSupport.invokeMethod(GroovyObjectSupport.java:44)|n	at groovy.lang.Script.invokeMethod(Script.java:78)|n	at groovy.lang.MetaClassImpl.invokeMethodOnGroovyObject(MetaClassImpl.java:1123)|n	at groovy.lang.MetaClassImpl.invokeMethod(MetaClassImpl.java:1017)|n	at groovy.lang.ExpandoMetaClass.invokeMethod(ExpandoMetaClass.java:915)|n	at groovy.lang.MetaClassImpl.invokeMethod(MetaClassImpl.java:886)|n	at org.codehaus.groovy.runtime.callsite.PogoMetaClassSite.callCurrent(PogoMetaClassSite.java:66)|n	at org.codehaus.groovy.runtime.callsite.CallSiteArray.defaultCallCurrent(CallSiteArray.java:44)|n	at org.codehaus.groovy.runtime.callsite.AbstractCallSite.callCurrent(AbstractCallSite.java:143)|n	at org.codehaus.groovy.runtime.callsite.AbstractCallSite.callCurrent(AbstractCallSite.java:155)|n	at _GrailsTest_groovy$_run_closure2.doCall(_GrailsTest_groovy:221)|n	at sun.reflect.NativeMethodAccessorImpl.invoke0(Native Method)|n	at sun.reflect.NativeMethodAccessorImpl.invoke(NativeMethodAccessorImpl.java:39)|n	at sun.reflect.DelegatingMethodAccessorImpl.invoke(DelegatingMethodAccessorImpl.java:25)|n	at java.lang.reflect.Method.invoke(Method.java:597)|n	at org.codehaus.groovy.reflection.CachedMethod.invoke(CachedMethod.java:88)|n	at groovy.lang.MetaMethod.doMethodInvoke(MetaMethod.java:233)|n	at groovy.lang.MetaClassImpl.invokeMethod(MetaClassImpl.java:1058)|n	at groovy.lang.ExpandoMetaClass.invokeMethod(ExpandoMetaClass.java:915)|n	at groovy.lang.MetaClassImpl.invokeMethod(MetaClassImpl.java:886)|n	at groovy.lang.Closure.call(Closure.java:276)|n	at groovy.lang.Closure.call(Closure.java:289)|n	at org.codehaus.groovy.runtime.DefaultGroovyMethods.each(DefaultGroovyMethods.java:1176)|n	at org.codehaus.groovy.runtime.DefaultGroovyMethods.each(DefaultGroovyMethods.java:1152)|n	at org.codehaus.groovy.runtime.dgm$111.invoke(Unknown Source)|n	at org.codehaus.groovy.runtime.callsite.PojoMetaMethodSite$PojoMetaMethodSiteNoUnwrapNoCoerce.invoke(PojoMetaMethodSite.java:270)|n	at org.codehaus.groovy.runtime.callsite.PojoMetaMethodSite.call(PojoMetaMethodSite.java:52)|n	at org.codehaus.groovy.runtime.callsite.CallSiteArray.defaultCall(CallSiteArray.java:40)|n	at org.codehaus.groovy.runtime.callsite.AbstractCallSite.call(AbstractCallSite.java:117)|n	at org.codehaus.groovy.runtime.callsite.AbstractCallSite.call(AbstractCallSite.java:125)|n	at _GrailsTest_groovy$_run_closure1_closure21.doCall(_GrailsTest_groovy:181)|n	at sun.reflect.NativeMethodAccessorImpl.invoke0(Native Method)|n	at sun.reflect.NativeMethodAccessorImpl.invoke(NativeMethodAccessorImpl.java:39)|n	at sun.reflect.DelegatingMethodAccessorImpl.invoke(DelegatingMethodAccessorImpl.java:25)|n	at java.lang.reflect.Method.invoke(Method.java:597)|n	at org.codehaus.groovy.reflection.CachedMethod.invoke(CachedMethod.java:88)|n	at groovy.lang.MetaMethod.doMethodInvoke(MetaMethod.java:233)|n	at groovy.lang.MetaClassImpl.invokeMethod(MetaClassImpl.java:1058)|n	at groovy.lang.ExpandoMetaClass.invokeMethod(ExpandoMetaClass.java:915)|n	at groovy.lang.MetaClassImpl.invokeMethod(MetaClassImpl.java:886)|n	at groovy.lang.Closure.call(Closure.java:276)|n	at org.codehaus.groovy.runtime.DefaultGroovyMethods.callClosureForMapEntry(DefaultGroovyMethods.java:2143)|n	at org.codehaus.groovy.runtime.DefaultGroovyMethods.each(DefaultGroovyMethods.java:1200)|n	at org.codehaus.groovy.runtime.dgm$112.invoke(Unknown Source)|n	at org.codehaus.groovy.runtime.callsite.PojoMetaMethodSite$PojoMetaMethodSiteNoUnwrapNoCoerce.invoke(PojoMetaMethodSite.java:270)|n	at org.codehaus.groovy.runtime.callsite.PojoMetaMethodSite.call(PojoMetaMethodSite.java:52)|n	at org.codehaus.groovy.runtime.callsite.CallSiteArray.defaultCall(CallSiteArray.java:40)|n	at org.codehaus.groovy.runtime.callsite.AbstractCallSite.call(AbstractCallSite.java:117)|n	at org.codehaus.groovy.runtime.callsite.AbstractCallSite.call(AbstractCallSite.java:125)|n	at _GrailsTest_groovy$_run_closure1.doCall(_GrailsTest_groovy:168)|n	at sun.reflect.NativeMethodAccessorImpl.invoke0(Native Method)|n	at sun.reflect.NativeMethodAccessorImpl.invoke(NativeMethodAccessorImpl.java:39)|n	at sun.reflect.DelegatingMethodAccessorImpl.invoke(DelegatingMethodAccessorImpl.java:25)|n	at java.lang.reflect.Method.invoke(Method.java:597)|n	at org.codehaus.groovy.reflection.CachedMethod.invoke(CachedMethod.java:88)|n	at groovy.lang.MetaMethod.doMethodInvoke(MetaMethod.java:233)|n	at groovy.lang.MetaClassImpl.invokeMethod(MetaClassImpl.java:1058)|n	at groovy.lang.ExpandoMetaClass.invokeMethod(ExpandoMetaClass.java:915)|n	at groovy.lang.MetaClassImpl.invokeMethod(MetaClassImpl.java:886)|n	at groovy.lang.DelegatingMetaClass.invokeMethod(DelegatingMetaClass.java:149)|n	at org.codehaus.gant.GantMetaClass.invokeMethod(GantMetaClass.java:127)|n	at groovy.lang.Closure.call(Closure.java:276)|n	at groovy.lang.Closure.call(Closure.java:289)|n	at sun.reflect.NativeMethodAccessorImpl.invoke0(Native Method)|n	at sun.reflect.NativeMethodAccessorImpl.invoke(NativeMethodAccessorImpl.java:39)|n	at sun.reflect.DelegatingMethodAccessorImpl.invoke(DelegatingMethodAccessorImpl.java:25)|n	at java.lang.reflect.Method.invoke(Method.java:597)|n	at org.codehaus.groovy.reflection.CachedMethod.invoke(CachedMethod.java:88)|n	at groovy.lang.MetaMethod.doMethodInvoke(MetaMethod.java:233)|n	at groovy.lang.MetaClassImpl.invokeMethod(MetaClassImpl.java:1058)|n	at groovy.lang.ExpandoMetaClass.invokeMethod(ExpandoMetaClass.java:915)|n	at groovy.lang.MetaClassImpl.invokeMethod(MetaClassImpl.java:886)|n	at groovy.lang.DelegatingMetaClass.invokeMethod(DelegatingMetaClass.java:149)|n	at org.codehaus.gant.GantMetaClass.invokeMethod(GantMetaClass.java:127)|n	at org.codehaus.groovy.runtime.callsite.PogoMetaClassSite.call(PogoMetaClassSite.java:39)|n	at org.codehaus.groovy.runtime.callsite.CallSiteArray.defaultCall(CallSiteArray.java:40)|n	at org.codehaus.groovy.runtime.callsite.PogoMetaClassSite.call(PogoMetaClassSite.java:54)|n	at org.codehaus.groovy.runtime.callsite.AbstractCallSite.call(AbstractCallSite.java:125)|n	at org.codehaus.gant.GantBinding$_initializeGantBinding_closure5_closure12_closure14.doCall(GantBinding.groovy:184)|n	at sun.reflect.NativeMethodAccessorImpl.invoke0(Native Method)|n	at sun.reflect.NativeMethodAccessorImpl.invoke(NativeMethodAccessorImpl.java:39)|n	at sun.reflect.DelegatingMethodAccessorImpl.invoke(DelegatingMethodAccessorImpl.java:25)|n	at java.lang.reflect.Method.invoke(Method.java:597)|n	at org.codehaus.groovy.runtime.callsite.PogoMetaMethodSite$PogoCachedMethodSite.invoke(PogoMetaMethodSite.java:225)|n	at org.codehaus.groovy.runtime.callsite.PogoMetaMethodSite.callCurrent(PogoMetaMethodSite.java:51)|n	at org.codehaus.groovy.runtime.callsite.AbstractCallSite.callCurrent(AbstractCallSite.java:151)|n	at org.codehaus.gant.GantBinding$_initializeGantBinding_closure5_closure12_closure14.doCall(GantBinding.groovy)|n	at sun.reflect.NativeMethodAccessorImpl.invoke0(Native Method)|n	at sun.reflect.NativeMethodAccessorImpl.invoke(NativeMethodAccessorImpl.java:39)|n	at sun.reflect.DelegatingMethodAccessorImpl.invoke(DelegatingMethodAccessorImpl.java:25)|n	at java.lang.reflect.Method.invoke(Method.java:597)|n	at org.codehaus.groovy.reflection.CachedMethod.invoke(CachedMethod.java:88)|n	at groovy.lang.MetaMethod.doMethodInvoke(MetaMethod.java:233)|n	at groovy.lang.MetaClassImpl.invokeMethod(MetaClassImpl.java:1058)|n	at groovy.lang.ExpandoMetaClass.invokeMethod(ExpandoMetaClass.java:915)|n	at groovy.lang.MetaClassImpl.invokeMethod(MetaClassImpl.java:886)|n	at groovy.lang.Closure.call(Closure.java:276)|n	at groovy.lang.Closure.call(Closure.java:271)|n	at groovy.lang.Closure$call$0.call(Unknown Source)|n	at org.codehaus.gant.GantBinding.withTargetEvent(GantBinding.groovy:90)|n	at org.codehaus.gant.GantBinding.this$4$withTargetEvent(GantBinding.groovy)|n	at sun.reflect.NativeMethodAccessorImpl.invoke0(Native Method)|n	at sun.reflect.NativeMethodAccessorImpl.invoke(NativeMethodAccessorImpl.java:39)|n	at sun.reflect.DelegatingMethodAccessorImpl.invoke(DelegatingMethodAccessorImpl.java:25)|n	at java.lang.reflect.Method.invoke(Method.java:597)|n	at org.codehaus.groovy.reflection.CachedMethod.invoke(CachedMethod.java:88)|n	at groovy.lang.MetaMethod.doMethodInvoke(MetaMethod.java:233)|n	at groovy.lang.MetaClassImpl.invokeMethod(MetaClassImpl.java:1058)|n	at groovy.lang.ExpandoMetaClass.invokeMethod(ExpandoMetaClass.java:915)|n	at groovy.lang.MetaClassImpl.invokeMethod(MetaClassImpl.java:886)|n	at groovy.lang.MetaClassImpl.invokeMethod(MetaClassImpl.java:1003)|n	at groovy.lang.ExpandoMetaClass.invokeMethod(ExpandoMetaClass.java:915)|n	at groovy.lang.MetaClassImpl.invokeMethod(MetaClassImpl.java:886)|n	at groovy.lang.MetaClassImpl.invokeMethod(MetaClassImpl.java:706)|n	at groovy.lang.GroovyObjectSupport.invokeMethod(GroovyObjectSupport.java:44)|n	at groovy.lang.MetaClassImpl.invokeMethodOnGroovyObject(MetaClassImpl.java:1123)|n	at groovy.lang.MetaClassImpl.invokeMethod(MetaClassImpl.java:1017)|n	at groovy.lang.ExpandoMetaClass.invokeMethod(ExpandoMetaClass.java:915)|n	at groovy.lang.MetaClassImpl.invokeMethod(MetaClassImpl.java:886)|n	at org.codehaus.groovy.runtime.callsite.PogoMetaClassSite.callCurrent(PogoMetaClassSite.java:66)|n	at org.codehaus.groovy.runtime.callsite.AbstractCallSite.callCurrent(AbstractCallSite.java:159)|n	at org.codehaus.gant.GantBinding$_initializeGantBinding_closure5_closure12.doCall(GantBinding.groovy:184)|n	at sun.reflect.NativeMethodAccessorImpl.invoke0(Native Method)|n	at sun.reflect.NativeMethodAccessorImpl.invoke(NativeMethodAccessorImpl.java:39)|n	at sun.reflect.DelegatingMethodAccessorImpl.invoke(DelegatingMethodAccessorImpl.java:25)|n	at java.lang.reflect.Method.invoke(Method.java:597)|n	at org.codehaus.groovy.runtime.callsite.PogoMetaMethodSite$PogoCachedMethodSite.invoke(PogoMetaMethodSite.java:225)|n	at org.codehaus.groovy.runtime.callsite.PogoMetaMethodSite.callCurrent(PogoMetaMethodSite.java:51)|n	at org.codehaus.groovy.runtime.callsite.AbstractCallSite.callCurrent(AbstractCallSite.java:151)|n	at org.codehaus.gant.GantBinding$_initializeGantBinding_closure5_closure12.doCall(GantBinding.groovy)|n	at sun.reflect.NativeMethodAccessorImpl.invoke0(Native Method)|n	at sun.reflect.NativeMethodAccessorImpl.invoke(NativeMethodAccessorImpl.java:39)|n	at sun.reflect.DelegatingMethodAccessorImpl.invoke(DelegatingMethodAccessorImpl.java:25)|n	at java.lang.reflect.Method.invoke(Method.java:597)|n	at org.codehaus.groovy.reflection.CachedMethod.invoke(CachedMethod.java:88)|n	at groovy.lang.MetaMethod.doMethodInvoke(MetaMethod.java:233)|n	at groovy.lang.MetaClassImpl.invokeMethod(MetaClassImpl.java:1058)|n	at groovy.lang.ExpandoMetaClass.invokeMethod(ExpandoMetaClass.java:915)|n	at groovy.lang.MetaClassImpl.invokeMethod(MetaClassImpl.java:886)|n	at groovy.lang.Closure.call(Closure.java:276)|n	at groovy.lang.Closure.call(Closure.java:271)|n	at sun.reflect.NativeMethodAccessorImpl.invoke0(Native Method)|n	at sun.reflect.NativeMethodAccessorImpl.invoke(NativeMethodAccessorImpl.java:39)|n	at sun.reflect.DelegatingMethodAccessorImpl.invoke(DelegatingMethodAccessorImpl.java:25)|n	at java.lang.reflect.Method.invoke(Method.java:597)|n	at org.codehaus.groovy.reflection.CachedMethod.invoke(CachedMethod.java:88)|n	at groovy.lang.MetaMethod.doMethodInvoke(MetaMethod.java:233)|n	at groovy.lang.MetaClassImpl.invokeMethod(MetaClassImpl.java:1058)|n	at groovy.lang.ExpandoMetaClass.invokeMethod(ExpandoMetaClass.java:915)|n	at groovy.lang.MetaClassImpl.invokeMethod(MetaClassImpl.java:886)|n	at groovy.lang.MetaClassImpl.invokePropertyOrMissing(MetaClassImpl.java:1104)|n	at groovy.lang.MetaClassImpl.invokeMethod(MetaClassImpl.java:1060)|n	at groovy.lang.ExpandoMetaClass.invokeMethod(ExpandoMetaClass.java:915)|n	at groovy.lang.MetaClassImpl.invokeMethod(MetaClassImpl.java:886)|n	at groovy.lang.MetaClassImpl.invokeMethod(MetaClassImpl.java:706)|n	at groovy.lang.GroovyObjectSupport.invokeMethod(GroovyObjectSupport.java:44)|n	at groovy.lang.Script.invokeMethod(Script.java:78)|n	at groovy.lang.MetaClassImpl.invokeMethodOnGroovyObject(MetaClassImpl.java:1123)|n	at groovy.lang.MetaClassImpl.invokeMethod(MetaClassImpl.java:1017)|n	at groovy.lang.ExpandoMetaClass.invokeMethod(ExpandoMetaClass.java:915)|n	at groovy.lang.MetaClassImpl.invokeMethod(MetaClassImpl.java:886)|n	at groovy.lang.DelegatingMetaClass.invokeMethod(DelegatingMetaClass.java:149)|n	at org.codehaus.gant.GantMetaClass.invokeMethod(GantMetaClass.java:127)|n	at org.codehaus.groovy.runtime.callsite.PogoMetaClassSite.callCurrent(PogoMetaClassSite.java:66)|n	at org.codehaus.groovy.runtime.callsite.CallSiteArray.defaultCallCurrent(CallSiteArray.java:44)|n	at org.codehaus.groovy.runtime.callsite.AbstractCallSite.callCurrent(AbstractCallSite.java:143)|n	at org.codehaus.groovy.runtime.callsite.AbstractCallSite.callCurrent(AbstractCallSite.java:147)|n	at TestApp$_run_closure1.doCall(TestApp.groovy:102)|n	at sun.reflect.NativeMethodAccessorImpl.invoke0(Native Method)|n	at sun.reflect.NativeMethodAccessorImpl.invoke(NativeMethodAccessorImpl.java:39)|n	at sun.reflect.DelegatingMethodAccessorImpl.invoke(DelegatingMethodAccessorImpl.java:25)|n	at java.lang.reflect.Method.invoke(Method.java:597)|n	at org.codehaus.groovy.reflection.CachedMethod.invoke(CachedMethod.java:88)|n	at groovy.lang.MetaMethod.doMethodInvoke(MetaMethod.java:233)|n	at groovy.lang.MetaClassImpl.invokeMethod(MetaClassImpl.java:1058)|n	at groovy.lang.ExpandoMetaClass.invokeMethod(ExpandoMetaClass.java:915)|n	at groovy.lang.MetaClassImpl.invokeMethod(MetaClassImpl.java:886)|n	at groovy.lang.DelegatingMetaClass.invokeMethod(DelegatingMetaClass.java:149)|n	at org.codehaus.gant.GantMetaClass.invokeMethod(GantMetaClass.java:127)|n	at groovy.lang.Closure.call(Closure.java:276)|n	at groovy.lang.Closure.call(Closure.java:289)|n	at sun.reflect.NativeMethodAccessorImpl.invoke0(Native Method)|n	at sun.reflect.NativeMethodAccessorImpl.invoke(NativeMethodAccessorImpl.java:39)|n	at sun.reflect.DelegatingMethodAccessorImpl.invoke(DelegatingMethodAccessorImpl.java:25)|n	at java.lang.reflect.Method.invoke(Method.java:597)|n	at org.codehaus.groovy.reflection.CachedMethod.invoke(CachedMethod.java:88)|n	at groovy.lang.MetaMethod.doMethodInvoke(MetaMethod.java:233)|n	at groovy.lang.MetaClassImpl.invokeMethod(MetaClassImpl.java:1058)|n	at groovy.lang.ExpandoMetaClass.invokeMethod(ExpandoMetaClass.java:915)|n	at groovy.lang.MetaClassImpl.invokeMethod(MetaClassImpl.java:886)|n	at groovy.lang.DelegatingMetaClass.invokeMethod(DelegatingMetaClass.java:149)|n	at org.codehaus.gant.GantMetaClass.invokeMethod(GantMetaClass.java:127)|n	at org.codehaus.groovy.runtime.callsite.PogoMetaClassSite.call(PogoMetaClassSite.java:39)|n	at org.codehaus.groovy.runtime.callsite.CallSiteArray.defaultCall(CallSiteArray.java:40)|n	at org.codehaus.groovy.runtime.callsite.PogoMetaClassSite.call(PogoMetaClassSite.java:54)|n	at org.codehaus.groovy.runtime.callsite.AbstractCallSite.call(AbstractCallSite.java:125)|n	at org.codehaus.gant.GantBinding$_initializeGantBinding_closure5_closure12_closure14.doCall(GantBinding.groovy:184)|n	at sun.reflect.NativeMethodAccessorImpl.invoke0(Native Method)|n	at sun.reflect.NativeMethodAccessorImpl.invoke(NativeMethodAccessorImpl.java:39)|n	at sun.reflect.DelegatingMethodAccessorImpl.invoke(DelegatingMethodAccessorImpl.java:25)|n	at java.lang.reflect.Method.invoke(Method.java:597)|n	at org.codehaus.groovy.runtime.callsite.PogoMetaMethodSite$PogoCachedMethodSite.invoke(PogoMetaMethodSite.java:225)|n	at org.codehaus.groovy.runtime.callsite.PogoMetaMethodSite.callCurrent(PogoMetaMethodSite.java:51)|n	at org.codehaus.groovy.runtime.callsite.AbstractCallSite.callCurrent(AbstractCallSite.java:151)|n	at org.codehaus.gant.GantBinding$_initializeGantBinding_closure5_closure12_closure14.doCall(GantBinding.groovy)|n	at sun.reflect.NativeMethodAccessorImpl.invoke0(Native Method)|n	at sun.reflect.NativeMethodAccessorImpl.invoke(NativeMethodAccessorImpl.java:39)|n	at sun.reflect.DelegatingMethodAccessorImpl.invoke(DelegatingMethodAccessorImpl.java:25)|n	at java.lang.reflect.Method.invoke(Method.java:597)|n	at org.codehaus.groovy.reflection.CachedMethod.invoke(CachedMethod.java:88)|n	at groovy.lang.MetaMethod.doMethodInvoke(MetaMethod.java:233)|n	at groovy.lang.MetaClassImpl.invokeMethod(MetaClassImpl.java:1058)|n	at groovy.lang.ExpandoMetaClass.invokeMethod(ExpandoMetaClass.java:915)|n	at groovy.lang.MetaClassImpl.invokeMethod(MetaClassImpl.java:886)|n	at groovy.lang.Closure.call(Closure.java:276)|n	at groovy.lang.Closure.call(Closure.java:271)|n	at groovy.lang.Closure$call$0.call(Unknown Source)|n	at org.codehaus.gant.GantBinding.withTargetEvent(GantBinding.groovy:90)|n	at org.codehaus.gant.GantBinding.this$4$withTargetEvent(GantBinding.groovy)|n	at sun.reflect.NativeMethodAccessorImpl.invoke0(Native Method)|n	at sun.reflect.NativeMethodAccessorImpl.invoke(NativeMethodAccessorImpl.java:39)|n	at sun.reflect.DelegatingMethodAccessorImpl.invoke(DelegatingMethodAccessorImpl.java:25)|n	at java.lang.reflect.Method.invoke(Method.java:597)|n	at org.codehaus.groovy.reflection.CachedMethod.invoke(CachedMethod.java:88)|n	at groovy.lang.MetaMethod.doMethodInvoke(MetaMethod.java:233)|n	at groovy.lang.MetaClassImpl.invokeMethod(MetaClassImpl.java:1058)|n	at groovy.lang.ExpandoMetaClass.invokeMethod(ExpandoMetaClass.java:915)|n	at groovy.lang.MetaClassImpl.invokeMethod(MetaClassImpl.java:886)|n	at groovy.lang.MetaClassImpl.invokeMethod(MetaClassImpl.java:1003)|n	at groovy.lang.ExpandoMetaClass.invokeMethod(ExpandoMetaClass.java:915)|n	at groovy.lang.MetaClassImpl.invokeMethod(MetaClassImpl.java:886)|n	at groovy.lang.MetaClassImpl.invokeMethod(MetaClassImpl.java:706)|n	at groovy.lang.GroovyObjectSupport.invokeMethod(GroovyObjectSupport.java:44)|n	at groovy.lang.MetaClassImpl.invokeMethodOnGroovyObject(MetaClassImpl.java:1123)|n	at groovy.lang.MetaClassImpl.invokeMethod(MetaClassImpl.java:1017)|n	at groovy.lang.ExpandoMetaClass.invokeMethod(ExpandoMetaClass.java:915)|n	at groovy.lang.MetaClassImpl.invokeMethod(MetaClassImpl.java:886)|n	at org.codehaus.groovy.runtime.callsite.PogoMetaClassSite.callCurrent(PogoMetaClassSite.java:66)|n	at org.codehaus.groovy.runtime.callsite.AbstractCallSite.callCurrent(AbstractCallSite.java:159)|n	at org.codehaus.gant.GantBinding$_initializeGantBinding_closure5_closure12.doCall(GantBinding.groovy:184)|n	at sun.reflect.NativeMethodAccessorImpl.invoke0(Native Method)|n	at sun.reflect.NativeMethodAccessorImpl.invoke(NativeMethodAccessorImpl.java:39)|n	at sun.reflect.DelegatingMethodAccessorImpl.invoke(DelegatingMethodAccessorImpl.java:25)|n	at java.lang.reflect.Method.invoke(Method.java:597)|n	at org.codehaus.groovy.runtime.callsite.PogoMetaMethodSite$PogoCachedMethodSite.invoke(PogoMetaMethodSite.java:225)|n	at org.codehaus.groovy.runtime.callsite.PogoMetaMethodSite.callCurrent(PogoMetaMethodSite.java:51)|n	at org.codehaus.groovy.runtime.callsite.AbstractCallSite.callCurrent(AbstractCallSite.java:151)|n	at org.codehaus.gant.GantBinding$_initializeGantBinding_closure5_closure12.doCall(GantBinding.groovy)|n	at sun.reflect.NativeMethodAccessorImpl.invoke0(Native Method)|n	at sun.reflect.NativeMethodAccessorImpl.invoke(NativeMethodAccessorImpl.java:39)|n	at sun.reflect.DelegatingMethodAccessorImpl.invoke(DelegatingMethodAccessorImpl.java:25)|n	at java.lang.reflect.Method.invoke(Method.java:597)|n	at org.codehaus.groovy.reflection.CachedMethod.invoke(CachedMethod.java:88)|n	at groovy.lang.MetaMethod.doMethodInvoke(MetaMethod.java:233)|n	at groovy.lang.MetaClassImpl.invokeMethod(MetaClassImpl.java:1058)|n	at groovy.lang.ExpandoMetaClass.invokeMethod(ExpandoMetaClass.java:915)|n	at groovy.lang.MetaClassImpl.invokeMethod(MetaClassImpl.java:886)|n	at groovy.lang.Closure.call(Closure.java:276)|n	at groovy.lang.Closure.call(Closure.java:271)|n	at groovy.lang.Closure$call$0.call(Unknown Source)|n	at org.codehaus.groovy.runtime.callsite.CallSiteArray.defaultCall(CallSiteArray.java:40)|n	at org.codehaus.groovy.runtime.callsite.AbstractCallSite.call(AbstractCallSite.java:117)|n	at org.codehaus.groovy.runtime.callsite.AbstractCallSite.call(AbstractCallSite.java:121)|n	at gant.Gant$_dispatch_closure5.doCall(Gant.groovy:385)|n	at sun.reflect.NativeMethodAccessorImpl.invoke0(Native Method)|n	at sun.reflect.NativeMethodAccessorImpl.invoke(NativeMethodAccessorImpl.java:39)|n	at sun.reflect.DelegatingMethodAccessorImpl.invoke(DelegatingMethodAccessorImpl.java:25)|n	at java.lang.reflect.Method.invoke(Method.java:597)|n	at org.codehaus.groovy.reflection.CachedMethod.invoke(CachedMethod.java:88)|n	at groovy.lang.MetaMethod.doMethodInvoke(MetaMethod.java:233)|n	at groovy.lang.MetaClassImpl.invokeMethod(MetaClassImpl.java:1058)|n	at groovy.lang.ExpandoMetaClass.invokeMethod(ExpandoMetaClass.java:915)|n	at groovy.lang.MetaClassImpl.invokeMethod(MetaClassImpl.java:886)|n	at groovy.lang.Closure.call(Closure.java:276)|n	at groovy.lang.Closure.call(Closure.java:289)|n	at groovy.lang.Closure$call.call(Unknown Source)|n	at org.codehaus.groovy.runtime.callsite.CallSiteArray.defaultCall(CallSiteArray.java:40)|n	at org.codehaus.groovy.runtime.callsite.AbstractCallSite.call(AbstractCallSite.java:117)|n	at org.codehaus.groovy.runtime.callsite.AbstractCallSite.call(AbstractCallSite.java:125)|n	at gant.Gant$_dispatch_closure7.doCall(Gant.groovy:419)|n	at sun.reflect.NativeMethodAccessorImpl.invoke0(Native Method)|n	at sun.reflect.NativeMethodAccessorImpl.invoke(NativeMethodAccessorImpl.java:39)|n	at sun.reflect.DelegatingMethodAccessorImpl.invoke(DelegatingMethodAccessorImpl.java:25)|n	at java.lang.reflect.Method.invoke(Method.java:597)|n	at org.codehaus.groovy.runtime.callsite.PogoMetaMethodSite$PogoCachedMethodSite.invoke(PogoMetaMethodSite.java:225)|n	at org.codehaus.groovy.runtime.callsite.PogoMetaMethodSite.callCurrent(PogoMetaMethodSite.java:51)|n	at org.codehaus.groovy.runtime.callsite.CallSiteArray.defaultCallCurrent(CallSiteArray.java:44)|n	at org.codehaus.groovy.runtime.callsite.AbstractCallSite.callCurrent(AbstractCallSite.java:143)|n	at org.codehaus.groovy.runtime.callsite.AbstractCallSite.callCurrent(AbstractCallSite.java:151)|n	at gant.Gant$_dispatch_closure7.doCall(Gant.groovy)|n	at sun.reflect.NativeMethodAccessorImpl.invoke0(Native Method)|n	at sun.reflect.NativeMethodAccessorImpl.invoke(NativeMethodAccessorImpl.java:39)|n	at sun.reflect.DelegatingMethodAccessorImpl.invoke(DelegatingMethodAccessorImpl.java:25)|n	at java.lang.reflect.Method.invoke(Method.java:597)|n	at org.codehaus.groovy.reflection.CachedMethod.invoke(CachedMethod.java:88)|n	at groovy.lang.MetaMethod.doMethodInvoke(MetaMethod.java:233)|n	at groovy.lang.MetaClassImpl.invokeMethod(MetaClassImpl.java:1058)|n	at groovy.lang.ExpandoMetaClass.invokeMethod(ExpandoMetaClass.java:915)|n	at groovy.lang.MetaClassImpl.invokeMethod(MetaClassImpl.java:886)|n	at groovy.lang.Closure.call(Closure.java:276)|n	at groovy.lang.Closure.call(Closure.java:271)|n	at groovy.lang.Closure$call$0.call(Unknown Source)|n	at org.codehaus.groovy.runtime.callsite.CallSiteArray.defaultCall(CallSiteArray.java:40)|n	at org.codehaus.groovy.runtime.callsite.AbstractCallSite.call(AbstractCallSite.java:117)|n	at org.codehaus.groovy.runtime.callsite.AbstractCallSite.call(AbstractCallSite.java:121)|n	at gant.Gant.withBuildListeners(Gant.groovy:431)|n	at gant.Gant.this$2$withBuildListeners(Gant.groovy)|n	at gant.Gant$this$2$withBuildListeners.callCurrent(Unknown Source)|n	at org.codehaus.groovy.runtime.callsite.CallSiteArray.defaultCallCurrent(CallSiteArray.java:44)|n	at org.codehaus.groovy.runtime.callsite.AbstractCallSite.callCurrent(AbstractCallSite.java:143)|n	at org.codehaus.groovy.runtime.callsite.AbstractCallSite.callCurrent(AbstractCallSite.java:151)|n	at gant.Gant.dispatch(Gant.groovy:419)|n	at gant.Gant.this$2$dispatch(Gant.groovy)|n	at sun.reflect.NativeMethodAccessorImpl.invoke0(Native Method)|n	at sun.reflect.NativeMethodAccessorImpl.invoke(NativeMethodAccessorImpl.java:39)|n	at sun.reflect.DelegatingMethodAccessorImpl.invoke(DelegatingMethodAccessorImpl.java:25)|n	at java.lang.reflect.Method.invoke(Method.java:597)|n	at org.codehaus.groovy.reflection.CachedMethod.invoke(CachedMethod.java:88)|n	at groovy.lang.MetaMethod.doMethodInvoke(MetaMethod.java:233)|n	at groovy.lang.MetaClassImpl.invokeMethod(MetaClassImpl.java:1058)|n	at groovy.lang.ExpandoMetaClass.invokeMethod(ExpandoMetaClass.java:915)|n	at groovy.lang.MetaClassImpl.invokeMethod(MetaClassImpl.java:886)|n	at groovy.lang.MetaClassImpl.invokeMethod(MetaClassImpl.java:708)|n	at gant.Gant.invokeMethod(Gant.groovy)|n	at groovy.lang.GroovyObject$invokeMethod.callCurrent(Unknown Source)|n	at org.codehaus.groovy.runtime.callsite.CallSiteArray.defaultCallCurrent(CallSiteArray.java:44)|n	at org.codehaus.groovy.runtime.callsite.AbstractCallSite.callCurrent(AbstractCallSite.java:143)|n	at org.codehaus.groovy.runtime.callsite.AbstractCallSite.callCurrent(AbstractCallSite.java:155)|n	at gant.Gant.processTargets(Gant.groovy:579)|n	at sun.reflect.NativeMethodAccessorImpl.invoke0(Native Method)|n	at sun.reflect.NativeMethodAccessorImpl.invoke(NativeMethodAccessorImpl.java:39)|n	at sun.reflect.DelegatingMethodAccessorImpl.invoke(DelegatingMethodAccessorImpl.java:25)|n	at java.lang.reflect.Method.invoke(Method.java:597)|n	at org.codehaus.groovy.runtime.callsite.PogoMetaMethodSite$PogoCachedMethodSiteNoUnwrapNoCoerce.invoke(PogoMetaMethodSite.java:266)|n	at org.codehaus.groovy.runtime.callsite.PogoMetaMethodSite.callCurrent(PogoMetaMethodSite.java:51)|n	at org.codehaus.groovy.runtime.callsite.CallSiteArray.defaultCallCurrent(CallSiteArray.java:44)|n	at org.codehaus.groovy.runtime.callsite.AbstractCallSite.callCurrent(AbstractCallSite.java:143)|n	at org.codehaus.groovy.runtime.callsite.AbstractCallSite.callCurrent(AbstractCallSite.java:155)|n	at gant.Gant.processTargets(Gant.groovy:564)|n	at org.codehaus.groovy.grails.cli.GrailsScriptRunner.callPluginOrGrailsScript(GrailsScriptRunner.java:512)|n	at org.codehaus.groovy.grails.cli.GrailsScriptRunner.executeCommand(GrailsScriptRunner.java:312)|n	at org.codehaus.groovy.grails.cli.GrailsScriptRunner.main(GrailsScriptRunner.java:128)|n	at sun.reflect.NativeMethodAccessorImpl.invoke0(Native Method)|n	at sun.reflect.NativeMethodAccessorImpl.invoke(NativeMethodAccessorImpl.java:39)|n	at sun.reflect.DelegatingMethodAccessorImpl.invoke(DelegatingMethodAccessorImpl.java:25)|n	at java.lang.reflect.Method.invoke(Method.java:597)|n	at org.codehaus.groovy.grails.cli.support.GrailsStarter.rootLoader(GrailsStarter.java:215)|n	at org.codehaus.groovy.grails.cli.support.GrailsStarter.main(GrailsStarter.java:240)|nCaused by: java.sql.SQLException: Unexpected token: SALESBYBOOKID in statement [select salesByBookId(|]|n	at org.hsqldb.jdbc.Util.sqlException(Unknown Source)|n	at org.hsqldb.jdbc.jdbcStatement.fetchResult(Unknown Source)|n	at org.hsqldb.jdbc.jdbcStatement.executeQuery(Unknown Source)|n	at org.apache.commons.dbcp.DelegatingStatement.executeQuery(DelegatingStatement.java:208)|n	at org.springframework.jdbc.core.JdbcTemplate$1QueryStatementCallback.doInStatement(JdbcTemplate.java:440)|n	at org.springframework.jdbc.core.JdbcTemplate.execute(JdbcTemplate.java:395)|n	... 553 more|n' error='true']

##teamcity[testFinished name='testSumBookSalesByBookIdWithJdbcTemplate' duration='578']
]]></system-out>

      <system-err><![CDATA[--Output from testSumBookSalesByBookIdWithJdbcTemplate--
]]></system-err>

  </testsuite>
</testsuites>
